1.000000 7.000000
Total Distance HORI: 5.796927
3.000000 -0.707598
Total Distance VERT: 1.147290
0.000000 5.000000
Total Distance HORI: 4.394058
3.000000 -0.023476
Total Distance VERT: 0.517700
0.000000 5.000000
Total Distance HORI: 4.698685
1.000000 2.430226
Total Distance VERT: 3.573405
0.000000 7.000000
Total Distance HORI: 5.221184
1.000000 0.000000
Total Distance VERT: 1.688151
0.000000 5.000000
Total Distance HORI: 3.355915
0.000000 2.000000
Total Distance VERT: 3.154763
0.000000 6.000000
Total Distance HORI: 4.310134
1.000000 0.000000
Total Distance VERT: 1.366202
0.000000 5.000000
Total Distance HORI: 3.355915
0.000000 2.000000
Total Distance VERT: 3.154763
